{
	"start":	{
		"connected":	[{
				"socket":	5,
				"local_host":	"192.168.1.152",
				"local_port":	53630,
				"remote_host":	"125.218.213.22",
				"remote_port":	5201
			}, {
				"socket":	7,
				"local_host":	"192.168.1.152",
				"local_port":	53632,
				"remote_host":	"125.218.213.22",
				"remote_port":	5201
			}, {
				"socket":	9,
				"local_host":	"192.168.1.152",
				"local_port":	53634,
				"remote_host":	"125.218.213.22",
				"remote_port":	5201
			}, {
				"socket":	11,
				"local_host":	"192.168.1.152",
				"local_port":	53636,
				"remote_host":	"125.218.213.22",
				"remote_port":	5201
			}, {
				"socket":	13,
				"local_host":	"192.168.1.152",
				"local_port":	53638,
				"remote_host":	"125.218.213.22",
				"remote_port":	5201
			}],
		"version":	"iperf 3-CURRENT",
		"system_info":	"Linux stormlin 4.12.0-041200-lowlatency #201707022031 SMP PREEMPT Mon Jul 3 00:35:41 UTC 2017 x86_64",
		"timestamp":	{
			"time":	"Thu, 10 Aug 2017 12:52:47 GMT",
			"timesecs":	1502369567
		},
		"connecting_to":	{
			"host":	"125.218.213.22",
			"port":	5201
		},
		"cookie":	"hcm7jvmzdfhb7noap222oyrrxfc2fgzpxjjo",
		"tcp_mss_default":	1448,
		"sock_bufsize":	0,
		"sndbuf_actual":	16384,
		"rcvbuf_actual":	87380,
		"sock_bufsize":	0,
		"sndbuf_actual":	16384,
		"rcvbuf_actual":	87380,
		"sock_bufsize":	0,
		"sndbuf_actual":	16384,
		"rcvbuf_actual":	87380,
		"sock_bufsize":	0,
		"sndbuf_actual":	16384,
		"rcvbuf_actual":	87380,
		"sock_bufsize":	0,
		"sndbuf_actual":	16384,
		"rcvbuf_actual":	87380,
		"test_start":	{
			"protocol":	"TCP",
			"num_streams":	5,
			"blksize":	131072,
			"omit":	0,
			"duration":	10,
			"bytes":	0,
			"blocks":	0,
			"reverse":	0,
			"tos":	0
		}
	},
	"intervals":	[{
			"streams":	[{
					"socket":	5,
					"start":	0,
					"end":	1.0000607967376709,
					"seconds":	1.0000607967376709,
					"bytes":	2874280,
					"bits_per_second":	22992842.110209916,
					"retransmits":	0,
					"snd_cwnd":	23168,
					"rtt":	8142,
					"rttvar":	322,
					"pmtu":	1500,
					"omitted":	false
				}, {
					"socket":	7,
					"start":	0,
					"end":	1.0000679492950439,
					"seconds":	1.0000679492950439,
					"bytes":	3021976,
					"bits_per_second":	24174165.382503983,
					"retransmits":	0,
					"snd_cwnd":	20272,
					"rtt":	7851,
					"rttvar":	361,
					"pmtu":	1500,
					"omitted":	false
				}, {
					"socket":	9,
					"start":	0,
					"end":	1.0000689029693604,
					"seconds":	1.0000689029693604,
					"bytes":	2451464,
					"bits_per_second":	19610360.787911486,
					"retransmits":	0,
					"snd_cwnd":	17376,
					"rtt":	8457,
					"rttvar":	474,
					"pmtu":	1500,
					"omitted":	false
				}, {
					"socket":	11,
					"start":	0,
					"end":	1.0000689029693604,
					"seconds":	1.0000689029693604,
					"bytes":	2287840,
					"bits_per_second":	18301458.975132987,
					"retransmits":	0,
					"snd_cwnd":	17376,
					"rtt":	8589,
					"rttvar":	309,
					"pmtu":	1500,
					"omitted":	false
				}, {
					"socket":	13,
					"start":	0,
					"end":	1.0000698566436768,
					"seconds":	1.0000698566436768,
					"bytes":	3879192,
					"bits_per_second":	31031368.252765164,
					"retransmits":	0,
					"snd_cwnd":	17376,
					"rtt":	8484,
					"rttvar":	572,
					"pmtu":	1500,
					"omitted":	false
				}],
			"sum":	{
				"start":	0,
				"end":	1.0000607967376709,
				"seconds":	1.0000607967376709,
				"bytes":	14514752,
				"bits_per_second":	116110956.83261673,
				"retransmits":	0,
				"omitted":	false
			}
		}, {
			"streams":	[{
					"socket":	5,
					"start":	1.0000607967376709,
					"end":	2.0000388622283936,
					"seconds":	0.99997806549072266,
					"bytes":	2932200,
					"bits_per_second":	23458114.542231057,
					"retransmits":	0,
					"snd_cwnd":	23168,
					"rtt":	7592,
					"rttvar":	119,
					"pmtu":	1500,
					"omitted":	false
				}, {
					"socket":	7,
					"start":	1.0000679492950439,
					"end":	2.0000448226928711,
					"seconds":	0.99997687339782715,
					"bytes":	2280600,
					"bits_per_second":	18245221.949989595,
					"retransmits":	0,
					"snd_cwnd":	17376,
					"rtt":	7592,
					"rttvar":	283,
					"pmtu":	1500,
					"omitted":	false
				}, {
					"socket":	9,
					"start":	1.0000689029693604,
					"end":	2.0000457763671875,
					"seconds":	0.99997687339782715,
					"bytes":	2085120,
					"bits_per_second":	16681345.782847628,
					"retransmits":	0,
					"snd_cwnd":	17376,
					"rtt":	8018,
					"rttvar":	377,
					"pmtu":	1500,
					"omitted":	false
				}, {
					"socket":	11,
					"start":	1.0000689029693604,
					"end":	2.000046968460083,
					"seconds":	0.99997806549072266,
					"bytes":	2150280,
					"bits_per_second":	17202617.330969442,
					"retransmits":	0,
					"snd_cwnd":	17376,
					"rtt":	7585,
					"rttvar":	327,
					"pmtu":	1500,
					"omitted":	false
				}, {
					"socket":	13,
					"start":	1.0000698566436768,
					"end":	2.0000479221343994,
					"seconds":	0.99997806549072266,
					"bytes":	1954800,
					"bits_per_second":	15638743.028154038,
					"retransmits":	0,
					"snd_cwnd":	17376,
					"rtt":	8549,
					"rttvar":	436,
					"pmtu":	1500,
					"omitted":	false
				}],
			"sum":	{
				"start":	1.0000607967376709,
				"end":	2.0000388622283936,
				"seconds":	0.99997806549072266,
				"bytes":	11403000,
				"bits_per_second":	91226000.99756521,
				"retransmits":	0,
				"omitted":	false
			}
		}, {
			"streams":	[{
					"socket":	5,
					"start":	2.0000388622283936,
					"end":	3.0002398490905762,
					"seconds":	1.0002009868621826,
					"bytes":	2541240,
					"bits_per_second":	20325834.774247482,
					"retransmits":	0,
					"snd_cwnd":	17376,
					"rtt":	6581,
					"rttvar":	401,
					"pmtu":	1500,
					"omitted":	false
				}, {
					"socket":	7,
					"start":	2.0000448226928711,
					"end":	3.0002439022064209,
					"seconds":	1.0001990795135498,
					"bytes":	1954800,
					"bits_per_second":	15635287.334603216,
					"retransmits":	0,
					"snd_cwnd":	17376,
					"rtt":	7294,
					"rttvar":	317,
					"pmtu":	1500,
					"omitted":	false
				}, {
					"socket":	9,
					"start":	2.0000457763671875,
					"end":	3.0002448558807373,
					"seconds":	1.0001990795135498,
					"bytes":	2085120,
					"bits_per_second":	16677639.823576763,
					"retransmits":	0,
					"snd_cwnd":	14480,
					"rtt":	6541,
					"rttvar":	247,
					"pmtu":	1500,
					"omitted":	false
				}, {
					"socket":	11,
					"start":	2.000046968460083,
					"end":	3.0002458095550537,
					"seconds":	1.0001988410949707,
					"bytes":	1954800,
					"bits_per_second":	15635291.061605126,
					"retransmits":	0,
					"snd_cwnd":	17376,
					"rtt":	7369,
					"rttvar":	733,
					"pmtu":	1500,
					"omitted":	false
				}, {
					"socket":	13,
					"start":	2.0000479221343994,
					"end":	3.0002458095550537,
					"seconds":	1.0001978874206543,
					"bytes":	1954800,
					"bits_per_second":	15635305.969630528,
					"retransmits":	0,
					"snd_cwnd":	14480,
					"rtt":	7893,
					"rttvar":	379,
					"pmtu":	1500,
					"omitted":	false
				}],
			"sum":	{
				"start":	2.0000388622283936,
				"end":	3.0002398490905762,
				"seconds":	1.0002009868621826,
				"bytes":	10490760,
				"bits_per_second":	83909215.35009858,
				"retransmits":	0,
				"omitted":	false
			}
		}, {
			"streams":	[{
					"socket":	5,
					"start":	3.0002398490905762,
					"end":	4.0004518032073975,
					"seconds":	1.0002119541168213,
					"bytes":	2541240,
					"bits_per_second":	20325611.902880274,
					"retransmits":	0,
					"snd_cwnd":	17376,
					"rtt":	6550,
					"rttvar":	423,
					"pmtu":	1500,
					"omitted":	false
				}, {
					"socket":	7,
					"start":	3.0002439022064209,
					"end":	4.0004558563232422,
					"seconds":	1.0002119541168213,
					"bytes":	2606400,
					"bits_per_second":	20846781.438851561,
					"retransmits":	0,
					"snd_cwnd":	17376,
					"rtt":	7076,
					"rttvar":	494,
					"pmtu":	1500,
					"omitted":	false
				}, {
					"socket":	9,
					"start":	3.0002448558807373,
					"end":	4.0004558563232422,
					"seconds":	1.0002110004425049,
					"bytes":	2085120,
					"bits_per_second":	16677441.052558061,
					"retransmits":	0,
					"snd_cwnd":	14480,
					"rtt":	6756,
					"rttvar":	313,
					"pmtu":	1500,
					"omitted":	false
				}, {
					"socket":	11,
					"start":	3.0002458095550537,
					"end":	4.0004568099975586,
					"seconds":	1.0002110004425049,
					"bytes":	2541240,
					"bits_per_second":	20325631.282805137,
					"retransmits":	0,
					"snd_cwnd":	17376,
					"rtt":	6664,
					"rttvar":	369,
					"pmtu":	1500,
					"omitted":	false
				}, {
					"socket":	13,
					"start":	3.0002458095550537,
					"end":	4.0004568099975586,
					"seconds":	1.0002110004425049,
					"bytes":	1954800,
					"bits_per_second":	15635100.986773182,
					"retransmits":	0,
					"snd_cwnd":	14480,
					"rtt":	7178,
					"rttvar":	609,
					"pmtu":	1500,
					"omitted":	false
				}],
			"sum":	{
				"start":	3.0002398490905762,
				"end":	4.0004518032073975,
				"seconds":	1.0002119541168213,
				"bytes":	11728800,
				"bits_per_second":	93810516.474832028,
				"retransmits":	0,
				"omitted":	false
			}
		}, {
			"streams":	[{
					"socket":	5,
					"start":	4.0004518032073975,
					"end":	5.0002789497375488,
					"seconds":	0.99982714653015137,
					"bytes":	2345760,
					"bits_per_second":	18769324.342839375,
					"retransmits":	0,
					"snd_cwnd":	17376,
					"rtt":	6768,
					"rttvar":	284,
					"pmtu":	1500,
					"omitted":	false
				}, {
					"socket":	7,
					"start":	4.0004558563232422,
					"end":	5.0002830028533936,
					"seconds":	0.99982714653015137,
					"bytes":	2606400,
					"bits_per_second":	20854804.825377081,
					"retransmits":	0,
					"snd_cwnd":	17376,
					"rtt":	7315,
					"rttvar":	369,
					"pmtu":	1500,
					"omitted":	false
				}, {
					"socket":	9,
					"start":	4.0004558563232422,
					"end":	5.0002830028533936,
					"seconds":	0.99982714653015137,
					"bytes":	2085120,
					"bits_per_second":	16683843.860301666,
					"retransmits":	0,
					"snd_cwnd":	14480,
					"rtt":	6900,
					"rttvar":	511,
					"pmtu":	1500,
					"omitted":	false
				}, {
					"socket":	11,
					"start":	4.0004568099975586,
					"end":	5.00028395652771,
					"seconds":	0.99982714653015137,
					"bytes":	2541240,
					"bits_per_second":	20333434.704742655,
					"retransmits":	0,
					"snd_cwnd":	17376,
					"rtt":	6845,
					"rttvar":	591,
					"pmtu":	1500,
					"omitted":	false
				}, {
					"socket":	13,
					"start":	4.0004568099975586,
					"end":	5.00028395652771,
					"seconds":	0.99982714653015137,
					"bytes":	1954800,
					"bits_per_second":	15641103.619032811,
					"retransmits":	0,
					"snd_cwnd":	14480,
					"rtt":	6681,
					"rttvar":	374,
					"pmtu":	1500,
					"omitted":	false
				}],
			"sum":	{
				"start":	4.0004518032073975,
				"end":	5.0002789497375488,
				"seconds":	0.99982714653015137,
				"bytes":	11533320,
				"bits_per_second":	92282511.3522936,
				"retransmits":	0,
				"omitted":	false
			}
		}, {
			"streams":	[{
					"socket":	5,
					"start":	5.0002789497375488,
					"end":	6.000532865524292,
					"seconds":	1.0002539157867432,
					"bytes":	2541240,
					"bits_per_second":	20324759.222771585,
					"retransmits":	0,
					"snd_cwnd":	17376,
					"rtt":	6899,
					"rttvar":	537,
					"pmtu":	1500,
					"omitted":	false
				}, {
					"socket":	7,
					"start":	5.0002830028533936,
					"end":	6.0005538463592529,
					"seconds":	1.0002708435058594,
					"bytes":	2280600,
					"bits_per_second":	18239859.852411188,
					"retransmits":	0,
					"snd_cwnd":	17376,
					"rtt":	7270,
					"rttvar":	494,
					"pmtu":	1500,
					"omitted":	false
				}, {
					"socket":	9,
					"start":	5.0002830028533936,
					"end":	6.0005548000335693,
					"seconds":	1.0002717971801758,
					"bytes":	2085120,
					"bits_per_second":	16676427.394058889,
					"retransmits":	0,
					"snd_cwnd":	14480,
					"rtt":	6556,
					"rttvar":	374,
					"pmtu":	1500,
					"omitted":	false
				}, {
					"socket":	11,
					"start":	5.00028395652771,
					"end":	6.0005559921264648,
					"seconds":	1.0002720355987549,
					"bytes":	2541240,
					"bits_per_second":	20324391.042113531,
					"retransmits":	0,
					"snd_cwnd":	17376,
					"rtt":	6747,
					"rttvar":	434,
					"pmtu":	1500,
					"omitted":	false
				}, {
					"socket":	13,
					"start":	5.00028395652771,
					"end":	6.0005569458007812,
					"seconds":	1.0002729892730713,
					"bytes":	2345760,
					"bits_per_second":	18760958.459587995,
					"retransmits":	0,
					"snd_cwnd":	14480,
					"rtt":	7796,
					"rttvar":	364,
					"pmtu":	1500,
					"omitted":	false
				}],
			"sum":	{
				"start":	5.0002789497375488,
				"end":	6.000532865524292,
				"seconds":	1.0002539157867432,
				"bytes":	11793960,
				"bits_per_second":	94327728.70055531,
				"retransmits":	0,
				"omitted":	false
			}
		}, {
			"streams":	[{
					"socket":	5,
					"start":	6.000532865524292,
					"end":	7.0000438690185547,
					"seconds":	0.9995110034942627,
					"bytes":	2345760,
					"bits_per_second":	18775261.037041418,
					"retransmits":	0,
					"snd_cwnd":	17376,
					"rtt":	7216,
					"rttvar":	319,
					"pmtu":	1500,
					"omitted":	false
				}, {
					"socket":	7,
					"start":	6.0005538463592529,
					"end":	7.0000479221343994,
					"seconds":	0.99949407577514648,
					"bytes":	2606400,
					"bits_per_second":	20861754.466957781,
					"retransmits":	0,
					"snd_cwnd":	17376,
					"rtt":	7067,
					"rttvar":	504,
					"pmtu":	1500,
					"omitted":	false
				}, {
					"socket":	9,
					"start":	6.0005548000335693,
					"end":	7.0000479221343994,
					"seconds":	0.99949312210083008,
					"bytes":	2085120,
					"bits_per_second":	16689419.497893458,
					"retransmits":	0,
					"snd_cwnd":	14480,
					"rtt":	6450,
					"rttvar":	233,
					"pmtu":	1500,
					"omitted":	false
				}, {
					"socket":	11,
					"start":	6.0005559921264648,
					"end":	7.0000488758087158,
					"seconds":	0.999492883682251,
					"bytes":	2345760,
					"bits_per_second":	18775601.413852517,
					"retransmits":	0,
					"snd_cwnd":	17376,
					"rtt":	6557,
					"rttvar":	265,
					"pmtu":	1500,
					"omitted":	false
				}, {
					"socket":	13,
					"start":	6.0005569458007812,
					"end":	7.0000498294830322,
					"seconds":	0.999492883682251,
					"bytes":	1954800,
					"bits_per_second":	15646334.511543764,
					"retransmits":	0,
					"snd_cwnd":	14480,
					"rtt":	7440,
					"rttvar":	671,
					"pmtu":	1500,
					"omitted":	false
				}],
			"sum":	{
				"start":	6.000532865524292,
				"end":	7.0000438690185547,
				"seconds":	0.9995110034942627,
				"bytes":	11337840,
				"bits_per_second":	90747095.012366861,
				"retransmits":	0,
				"omitted":	false
			}
		}, {
			"streams":	[{
					"socket":	5,
					"start":	7.0000438690185547,
					"end":	8.0000488758087158,
					"seconds":	1.0000050067901611,
					"bytes":	2541240,
					"bits_per_second":	20329818.212866195,
					"retransmits":	0,
					"snd_cwnd":	17376,
					"rtt":	7112,
					"rttvar":	262,
					"pmtu":	1500,
					"omitted":	false
				}, {
					"socket":	7,
					"start":	7.0000479221343994,
					"end":	8.0000519752502441,
					"seconds":	1.0000040531158447,
					"bytes":	2280600,
					"bits_per_second":	18244726.052011754,
					"retransmits":	0,
					"snd_cwnd":	17376,
					"rtt":	7029,
					"rttvar":	588,
					"pmtu":	1500,
					"omitted":	false
				}, {
					"socket":	9,
					"start":	7.0000479221343994,
					"end":	8.00005292892456,
					"seconds":	1.0000050067901611,
					"bytes":	2085120,
					"bits_per_second":	16680876.482351748,
					"retransmits":	0,
					"snd_cwnd":	14480,
					"rtt":	6468,
					"rttvar":	299,
					"pmtu":	1500,
					"omitted":	false
				}, {
					"socket":	11,
					"start":	7.0000488758087158,
					"end":	8.00005292892456,
					"seconds":	1.0000040531158447,
					"bytes":	2541240,
					"bits_per_second":	20329837.6008131,
					"retransmits":	0,
					"snd_cwnd":	17376,
					"rtt":	6693,
					"rttvar":	496,
					"pmtu":	1500,
					"omitted":	false
				}, {
					"socket":	13,
					"start":	7.0000498294830322,
					"end":	8.000053882598877,
					"seconds":	1.0000040531158447,
					"bytes":	1954800,
					"bits_per_second":	15638336.616010077,
					"retransmits":	0,
					"snd_cwnd":	14480,
					"rtt":	7641,
					"rttvar":	732,
					"pmtu":	1500,
					"omitted":	false
				}],
			"sum":	{
				"start":	7.0000438690185547,
				"end":	8.0000488758087158,
				"seconds":	1.0000050067901611,
				"bytes":	11403000,
				"bits_per_second":	91223543.262861133,
				"retransmits":	0,
				"omitted":	false
			}
		}, {
			"streams":	[{
					"socket":	5,
					"start":	8.0000488758087158,
					"end":	9.0000698566436768,
					"seconds":	1.0000209808349609,
					"bytes":	2541240,
					"bits_per_second":	20329493.470252663,
					"retransmits":	0,
					"snd_cwnd":	17376,
					"rtt":	7546,
					"rttvar":	355,
					"pmtu":	1500,
					"omitted":	false
				}, {
					"socket":	7,
					"start":	8.0000519752502441,
					"end":	9.0000808238983154,
					"seconds":	1.0000288486480713,
					"bytes":	2606400,
					"bits_per_second":	20850598.488422133,
					"retransmits":	0,
					"snd_cwnd":	17376,
					"rtt":	7289,
					"rttvar":	557,
					"pmtu":	1500,
					"omitted":	false
				}, {
					"socket":	9,
					"start":	8.00005292892456,
					"end":	9.0001068115234375,
					"seconds":	1.000053882598877,
					"bytes":	2085120,
					"bits_per_second":	16680061.234951233,
					"retransmits":	0,
					"snd_cwnd":	14480,
					"rtt":	6672,
					"rttvar":	369,
					"pmtu":	1500,
					"omitted":	false
				}, {
					"socket":	11,
					"start":	8.00005292892456,
					"end":	9.000108003616333,
					"seconds":	1.0000550746917725,
					"bytes":	2541240,
					"bits_per_second":	20328800.397584,
					"retransmits":	0,
					"snd_cwnd":	17376,
					"rtt":	6790,
					"rttvar":	426,
					"pmtu":	1500,
					"omitted":	false
				}, {
					"socket":	13,
					"start":	8.000053882598877,
					"end":	9.0001099109649658,
					"seconds":	1.0000560283660889,
					"bytes":	1954800,
					"bits_per_second":	15637523.855088724,
					"retransmits":	0,
					"snd_cwnd":	14480,
					"rtt":	6742,
					"rttvar":	196,
					"pmtu":	1500,
					"omitted":	false
				}],
			"sum":	{
				"start":	8.0000488758087158,
				"end":	9.0000698566436768,
				"seconds":	1.0000209808349609,
				"bytes":	11728800,
				"bits_per_second":	93828431.401166126,
				"retransmits":	0,
				"omitted":	false
			}
		}, {
			"streams":	[{
					"socket":	5,
					"start":	9.0000698566436768,
					"end":	10.000605821609497,
					"seconds":	1.0005359649658203,
					"bytes":	1954800,
					"bits_per_second":	15630022.855334571,
					"retransmits":	0,
					"snd_cwnd":	14480,
					"rtt":	7440,
					"rttvar":	1565,
					"pmtu":	1500,
					"omitted":	false
				}, {
					"socket":	7,
					"start":	9.0000808238983154,
					"end":	10.000608921051025,
					"seconds":	1.00052809715271,
					"bytes":	1954800,
					"bits_per_second":	15630145.764525313,
					"retransmits":	0,
					"snd_cwnd":	17376,
					"rtt":	7682,
					"rttvar":	1616,
					"pmtu":	1500,
					"omitted":	false
				}, {
					"socket":	9,
					"start":	9.0001068115234375,
					"end":	10.000609874725342,
					"seconds":	1.0005030632019043,
					"bytes":	1824480,
					"bits_per_second":	14588501.061944794,
					"retransmits":	0,
					"snd_cwnd":	17376,
					"rtt":	7252,
					"rttvar":	1530,
					"pmtu":	1500,
					"omitted":	false
				}, {
					"socket":	11,
					"start":	9.000108003616333,
					"end":	10.000609874725342,
					"seconds":	1.0005018711090088,
					"bytes":	1954800,
					"bits_per_second":	15630555.475788942,
					"retransmits":	2,
					"snd_cwnd":	17376,
					"rtt":	7718,
					"rttvar":	2004,
					"pmtu":	1500,
					"omitted":	false
				}, {
					"socket":	13,
					"start":	9.0001099109649658,
					"end":	10.000610828399658,
					"seconds":	1.0005009174346924,
					"bytes":	1563840,
					"bits_per_second":	12504456.299828067,
					"retransmits":	0,
					"snd_cwnd":	14480,
					"rtt":	7819,
					"rttvar":	2247,
					"pmtu":	1500,
					"omitted":	false
				}],
			"sum":	{
				"start":	9.0000698566436768,
				"end":	10.000605821609497,
				"seconds":	1.0005359649658203,
				"bytes":	9252720,
				"bits_per_second":	73982108.181916967,
				"retransmits":	2,
				"omitted":	false
			}
		}],
	"end":	{
		"streams":	[{
				"sender":	{
					"socket":	5,
					"start":	0,
					"end":	10.000605821609497,
					"seconds":	10.000605821609497,
					"bytes":	25159000,
					"bits_per_second":	20125980.724596471,
					"retransmits":	0,
					"max_snd_cwnd":	23168,
					"max_rtt":	8142,
					"min_rtt":	6550,
					"mean_rtt":	7184
				},
				"receiver":	{
					"socket":	5,
					"start":	0,
					"end":	10.000605821609497,
					"seconds":	10.000605821609497,
					"bytes":	24721704,
					"bits_per_second":	19776165.117181905
				}
			}, {
				"sender":	{
					"socket":	7,
					"start":	0,
					"end":	10.000605821609497,
					"seconds":	10.000605821609497,
					"bytes":	24198976,
					"bits_per_second":	19358008.050040647,
					"retransmits":	0,
					"max_snd_cwnd":	20272,
					"max_rtt":	7851,
					"min_rtt":	7029,
					"mean_rtt":	7346
				},
				"receiver":	{
					"socket":	7,
					"start":	0,
					"end":	10.000605821609497,
					"seconds":	10.000605821609497,
					"bytes":	23516968,
					"bits_per_second":	18812434.702053025
				}
			}, {
				"sender":	{
					"socket":	9,
					"start":	0,
					"end":	10.000605821609497,
					"seconds":	10.000605821609497,
					"bytes":	20956904,
					"bits_per_second":	16764507.569904158,
					"retransmits":	0,
					"max_snd_cwnd":	17376,
					"max_rtt":	8457,
					"min_rtt":	6450,
					"mean_rtt":	7007
				},
				"receiver":	{
					"socket":	9,
					"start":	0,
					"end":	10.000605821609497,
					"seconds":	10.000605821609497,
					"bytes":	20534088,
					"bits_per_second":	16426275.260748349
				}
			}, {
				"sender":	{
					"socket":	11,
					"start":	0,
					"end":	10.000605821609497,
					"seconds":	10.000605821609497,
					"bytes":	23399680,
					"bits_per_second":	18718609.986157063,
					"retransmits":	2,
					"max_snd_cwnd":	17376,
					"max_rtt":	8589,
					"min_rtt":	6557,
					"mean_rtt":	7155
				},
				"receiver":	{
					"socket":	11,
					"start":	0,
					"end":	10.000605821609497,
					"seconds":	10.000605821609497,
					"bytes":	23049264,
					"bits_per_second":	18438294.168295059
				}
			}, {
				"sender":	{
					"socket":	13,
					"start":	0,
					"end":	10.000605821609497,
					"seconds":	10.000605821609497,
					"bytes":	21472392,
					"bits_per_second":	17176872.987916034,
					"retransmits":	0,
					"max_snd_cwnd":	17376,
					"max_rtt":	8549,
					"min_rtt":	6681,
					"mean_rtt":	7622
				},
				"receiver":	{
					"socket":	13,
					"start":	0,
					"end":	10.000605821609497,
					"seconds":	10.000605821609497,
					"bytes":	20733912,
					"bits_per_second":	16586124.776719244
				}
			}],
		"sum_sent":	{
			"start":	0,
			"end":	10.000605821609497,
			"seconds":	10.000605821609497,
			"bytes":	115186952,
			"bits_per_second":	92143979.318614379,
			"retransmits":	2
		},
		"sum_received":	{
			"start":	0,
			"end":	10.000605821609497,
			"seconds":	10.000605821609497,
			"bytes":	112555936,
			"bits_per_second":	90039294.024997577
		},
		"cpu_utilization_percent":	{
			"host_total":	0.571982778216498,
			"host_user":	0.018145291688040042,
			"host_system":	0.55381767725805631,
			"remote_total":	3.2722,
			"remote_user":	0.351015,
			"remote_system":	2.91136
		},
		"sender_tcp_congestion":	"bbr"
	}
}
